<?xml version="1.0" encoding="UTF-8"?>
<!-- Generated by org.testng.reporters.JUnitXMLReporter -->
<testsuite ignored="0" hostname="sparpune011-Vostro-3590" failures="0" tests="14" name="PatientCreation" time="119.036" errors="0" timestamp="2025-11-17T18:08:45 IST">
  <testcase classname="Staging.LoginPage" name="loginTest" time="12.903"/>
  <testcase classname="Staging.PatientCreate" name="selectSex" time="0.885"/>
  <testcase classname="Staging.PatientCreate" name="selectGender" time="1.883"/>
  <testcase classname="Staging.PatientCreate" name="selectRace" time="1.855"/>
  <testcase classname="Staging.PatientCreate" name="selectEthnicity" time="1.413"/>
  <testcase classname="Staging.PatientCreate" name="clickAddButton" time="25.396"/>
  <testcase classname="Staging.PatientManagementTab" name="openPatientAndNavigateToManagementTab" time="0.629"/>
  <testcase classname="Staging.PatientManagementTab" name="addTask" time="1.494"/>
  <testcase classname="Staging.PatientManagementTab" name="addPatientNote" time="3.802"/>
  <testcase classname="Staging.PatientManagementTab" name="addCallLogEntry" time="25.04"/>
  <testcase classname="Staging.PatientManagementTab" name="addMedications" time="4.726"/>
  <testcase classname="Staging.PatientManagementTab" name="addDiagnosis" time="2.86"/>
  <testcase classname="Staging.PatientManagementTab" name="addProcedure" time="3.346"/>
  <testcase classname="Staging.PatientManagementTab" name="addFilter" time="1.88"/>
</testsuite> <!-- PatientCreation -->
