<?xml version="1.0" encoding="UTF-8"?>
<testng-results ignored="0" total="14" passed="14" failed="0" skipped="0">
  <reporter-output>
  </reporter-output>
  <suite started-at="2025-11-17T18:06:46 IST" name="OutcomeMD_Automation" finished-at="2025-11-17T18:08:45 IST" duration-ms="119036">
    <groups>
    </groups>
    <test started-at="2025-11-17T18:06:46 IST" name="PatientCreation" finished-at="2025-11-17T18:08:45 IST" duration-ms="119036">
      <class name="Staging.PatientManagementTab">
        <test-method is-config="true" signature="setup()[pri:0, instance:Staging.PatientManagementTab@3b69e7d1]" started-at="2025-11-17T18:08:01 IST" name="setup" finished-at="2025-11-17T18:08:01 IST" duration-ms="1" status="PASS">
          <reporter-output>
          </reporter-output>
        </test-method> <!-- setup -->
        <test-method signature="openPatientAndNavigateToManagementTab()[pri:1, instance:Staging.PatientManagementTab@3b69e7d1]" started-at="2025-11-17T18:08:01 IST" name="openPatientAndNavigateToManagementTab" finished-at="2025-11-17T18:08:01 IST" depends-on-methods="Staging.PatientCreate.clickAddButton" duration-ms="629" status="PASS">
          <reporter-output>
          </reporter-output>
        </test-method> <!-- openPatientAndNavigateToManagementTab -->
        <test-method signature="addTask()[pri:2, instance:Staging.PatientManagementTab@3b69e7d1]" started-at="2025-11-17T18:08:01 IST" name="addTask" finished-at="2025-11-17T18:08:03 IST" depends-on-methods="Staging.PatientManagementTab.openPatientAndNavigateToManagementTab" duration-ms="1494" status="PASS">
          <reporter-output>
          </reporter-output>
        </test-method> <!-- addTask -->
        <test-method signature="addPatientNote()[pri:3, instance:Staging.PatientManagementTab@3b69e7d1]" started-at="2025-11-17T18:08:03 IST" name="addPatientNote" finished-at="2025-11-17T18:08:07 IST" depends-on-methods="Staging.PatientManagementTab.addTask" duration-ms="3802" status="PASS">
          <reporter-output>
          </reporter-output>
        </test-method> <!-- addPatientNote -->
        <test-method signature="addCallLogEntry()[pri:4, instance:Staging.PatientManagementTab@3b69e7d1]" started-at="2025-11-17T18:08:07 IST" name="addCallLogEntry" finished-at="2025-11-17T18:08:32 IST" depends-on-methods="Staging.PatientManagementTab.addPatientNote" duration-ms="25040" status="PASS">
          <reporter-output>
          </reporter-output>
        </test-method> <!-- addCallLogEntry -->
        <test-method signature="addMedications()[pri:5, instance:Staging.PatientManagementTab@3b69e7d1]" started-at="2025-11-17T18:08:32 IST" name="addMedications" finished-at="2025-11-17T18:08:36 IST" depends-on-methods="Staging.PatientManagementTab.addCallLogEntry" duration-ms="4726" status="PASS">
          <reporter-output>
          </reporter-output>
        </test-method> <!-- addMedications -->
        <test-method signature="addDiagnosis()[pri:6, instance:Staging.PatientManagementTab@3b69e7d1]" started-at="2025-11-17T18:08:36 IST" name="addDiagnosis" finished-at="2025-11-17T18:08:39 IST" depends-on-methods="Staging.PatientManagementTab.addMedications" duration-ms="2860" status="PASS">
          <reporter-output>
          </reporter-output>
        </test-method> <!-- addDiagnosis -->
        <test-method signature="addProcedure()[pri:7, instance:Staging.PatientManagementTab@3b69e7d1]" started-at="2025-11-17T18:08:39 IST" name="addProcedure" finished-at="2025-11-17T18:08:43 IST" depends-on-methods="Staging.PatientManagementTab.addDiagnosis" duration-ms="3346" status="PASS">
          <reporter-output>
          </reporter-output>
        </test-method> <!-- addProcedure -->
        <test-method signature="addFilter()[pri:8, instance:Staging.PatientManagementTab@3b69e7d1]" started-at="2025-11-17T18:08:43 IST" name="addFilter" finished-at="2025-11-17T18:08:45 IST" depends-on-methods="Staging.PatientManagementTab.addProcedure" duration-ms="1880" status="PASS">
          <reporter-output>
          </reporter-output>
        </test-method> <!-- addFilter -->
      </class> <!-- Staging.PatientManagementTab -->
      <class name="Staging.PatientCreate">
        <test-method is-config="true" signature="setup()[pri:0, instance:Staging.PatientCreate@6a6cb05c]" started-at="2025-11-17T18:06:59 IST" name="setup" finished-at="2025-11-17T18:07:29 IST" duration-ms="30701" status="PASS">
          <reporter-output>
          </reporter-output>
        </test-method> <!-- setup -->
        <test-method signature="selectSex()[pri:0, instance:Staging.PatientCreate@6a6cb05c]" started-at="2025-11-17T18:07:29 IST" name="selectSex" finished-at="2025-11-17T18:07:30 IST" duration-ms="885" status="PASS">
          <reporter-output>
          </reporter-output>
        </test-method> <!-- selectSex -->
        <test-method signature="selectGender()[pri:0, instance:Staging.PatientCreate@6a6cb05c]" started-at="2025-11-17T18:07:30 IST" name="selectGender" finished-at="2025-11-17T18:07:32 IST" depends-on-methods="Staging.PatientCreate.selectSex" duration-ms="1883" status="PASS">
          <reporter-output>
          </reporter-output>
        </test-method> <!-- selectGender -->
        <test-method signature="selectRace()[pri:0, instance:Staging.PatientCreate@6a6cb05c]" started-at="2025-11-17T18:07:32 IST" name="selectRace" finished-at="2025-11-17T18:07:34 IST" depends-on-methods="Staging.PatientCreate.selectGender" duration-ms="1855" status="PASS">
          <reporter-output>
          </reporter-output>
        </test-method> <!-- selectRace -->
        <test-method signature="selectEthnicity()[pri:0, instance:Staging.PatientCreate@6a6cb05c]" started-at="2025-11-17T18:07:34 IST" name="selectEthnicity" finished-at="2025-11-17T18:07:35 IST" depends-on-methods="Staging.PatientCreate.selectRace" duration-ms="1413" status="PASS">
          <reporter-output>
          </reporter-output>
        </test-method> <!-- selectEthnicity -->
        <test-method signature="clickAddButton()[pri:0, instance:Staging.PatientCreate@6a6cb05c]" started-at="2025-11-17T18:07:35 IST" name="clickAddButton" finished-at="2025-11-17T18:08:01 IST" depends-on-methods="Staging.PatientCreate.selectEthnicity" duration-ms="25396" status="PASS">
          <reporter-output>
          </reporter-output>
        </test-method> <!-- clickAddButton -->
      </class> <!-- Staging.PatientCreate -->
      <class name="Staging.LoginPage">
        <test-method signature="loginTest()[pri:0, instance:Staging.LoginPage@459e9125]" started-at="2025-11-17T18:06:46 IST" name="loginTest" finished-at="2025-11-17T18:06:59 IST" duration-ms="12903" status="PASS">
          <reporter-output>
          </reporter-output>
        </test-method> <!-- loginTest -->
      </class> <!-- Staging.LoginPage -->
    </test> <!-- PatientCreation -->
  </suite> <!-- OutcomeMD_Automation -->
</testng-results>
