<?xml version="1.0" encoding="UTF-8"?>
<!-- Generated by org.testng.reporters.JUnitReportReporter -->
<testsuite hostname="sparpune011-Vostro-3590" failures="0" tests="5" name="Staging.PatientCreate" time="31.432" errors="0" timestamp="2025-11-17T18:08:45 IST" skipped="0">
  <testcase classname="Staging.PatientCreate" name="selectEthnicity" time="1.413"/>
  <testcase classname="Staging.PatientCreate" name="selectSex" time="0.885"/>
  <testcase classname="Staging.PatientCreate" name="clickAddButton" time="25.396"/>
  <testcase classname="Staging.PatientCreate" name="selectRace" time="1.855"/>
  <testcase classname="Staging.PatientCreate" name="selectGender" time="1.883"/>
</testsuite> <!-- Staging.PatientCreate -->
