<?xml version="1.0" encoding="UTF-8"?>
<!-- Generated by org.testng.reporters.JUnitReportReporter -->
<testsuite hostname="sparpune011-Vostro-3590" failures="0" tests="8" name="Staging.PatientManagementTab" time="43.777" errors="0" timestamp="2025-11-17T18:08:45 IST" skipped="0">
  <testcase classname="Staging.PatientManagementTab" name="openPatientAndNavigateToManagementTab" time="0.629"/>
  <testcase classname="Staging.PatientManagementTab" name="addTask" time="1.494"/>
  <testcase classname="Staging.PatientManagementTab" name="addPatientNote" time="3.802"/>
  <testcase classname="Staging.PatientManagementTab" name="addCallLogEntry" time="25.040"/>
  <testcase classname="Staging.PatientManagementTab" name="addMedications" time="4.726"/>
  <testcase classname="Staging.PatientManagementTab" name="addDiagnosis" time="2.860"/>
  <testcase classname="Staging.PatientManagementTab" name="addProcedure" time="3.346"/>
  <testcase classname="Staging.PatientManagementTab" name="addFilter" time="1.880"/>
</testsuite> <!-- Staging.PatientManagementTab -->
